Mating moves [Qd4-Qxd6]
Mating moves [Qc4-Qc7, Qc4-Qd5, e4-e5]
Mating moves [Qb3-Qb6, Qb3-Qd5]
Mating moves []
Mating moves []
Mating moves []
Mating moves []
Mating moves []
Mating moves []
Mating moves []
Mating moves [Qb5-Qa6]
Mating moves []
Mating moves [c2-b3]
Mating moves [Nd5-Nb4]
Mating moves [Qg7-Qd7, Qg7-Qf6, Qg7-Qf8, Rg5-Rg6, b4-c5]
Mating moves [Ne5-Ng4]
Mating moves [Nd5-Nb4]
Mating moves [Ne3-Nxc4]
Mating moves [Rh1-Rh8]
Mating moves [Rb7-Rf7]
Mating moves [Re5-Rh5]
Mating moves [Re6-Re8]
Mating moves [Qf8-Qxd8]
